upload: atm_flux_diag_2023.parq/.zmetadata to s3://aad-index/vzarr/.zmetadata
upload: atm_flux_diag_2023.parq/land_mask/refs.2.parq to s3://aad-index/vzarr/land_mask/refs.2.parq
upload: atm_flux_diag_2023.parq/Time_bnds/refs.0.parq to s3://aad-index/vzarr/Time_bnds/refs.0.parq
upload: atm_flux_diag_2023.parq/land_mask/refs.1.parq to s3://aad-index/vzarr/land_mask/refs.1.parq
upload: atm_flux_diag_2023.parq/average_DT/refs.0.parq to s3://aad-index/vzarr/average_DT/refs.0.parq
upload: atm_flux_diag_2023.parq/land_mask/refs.3.parq to s3://aad-index/vzarr/land_mask/refs.3.parq
upload: atm_flux_diag_2023.parq/Time/refs.0.parq to s3://aad-index/vzarr/Time/refs.0.parq
upload: atm_flux_diag_2023.parq/land_mask/refs.0.parq to s3://aad-index/vzarr/land_mask/refs.0.parq
upload: atm_flux_diag_2023.parq/average_T2/refs.0.parq to s3://aad-index/vzarr/average_T2/refs.0.parq
upload: atm_flux_diag_2023.parq/average_T1/refs.0.parq to s3://aad-index/vzarr/average_T1/refs.0.parq
upload: atm_flux_diag_2023.parq/lat/refs.0.parq to s3://aad-index/vzarr/lat/refs.0.parq
upload: atm_flux_diag_2023.parq/ice_mask/refs.0.parq to s3://aad-index/vzarr/ice_mask/refs.0.parq
upload: atm_flux_diag_2023.parq/lwflx/refs.0.parq to s3://aad-index/vzarr/lwflx/refs.0.parq
upload: atm_flux_diag_2023.parq/lon/refs.0.parq to s3://aad-index/vzarr/lon/refs.0.parq
upload: atm_flux_diag_2023.parq/rh_ref/refs.0.parq to s3://aad-index/vzarr/rh_ref/refs.0.parq
upload: atm_flux_diag_2023.parq/t_surf/refs.0.parq to s3://aad-index/vzarr/t_surf/refs.0.parq
upload: atm_flux_diag_2023.parq/t_ref/refs.0.parq to s3://aad-index/vzarr/t_ref/refs.0.parq
upload: atm_flux_diag_2023.parq/shflx/refs.0.parq to s3://aad-index/vzarr/shflx/refs.0.parq
upload: atm_flux_diag_2023.parq/tau_y/refs.0.parq to s3://aad-index/vzarr/tau_y/refs.0.parq
upload: atm_flux_diag_2023.parq/v_atm/refs.0.parq to s3://aad-index/vzarr/v_atm/refs.0.parq
upload: atm_flux_diag_2023.parq/u_star/refs.0.parq to s3://aad-index/vzarr/u_star/refs.0.parq
upload: atm_flux_diag_2023.parq/wind/refs.0.parq to s3://aad-index/vzarr/wind/refs.0.parq
upload: atm_flux_diag_2023.parq/u_atm/refs.0.parq to s3://aad-index/vzarr/u_atm/refs.0.parq
upload: atm_flux_diag_2023.parq/nv/refs.0.parq to s3://aad-index/vzarr/nv/refs.0.parq
upload: atm_flux_diag_2023.parq/q_ref/refs.0.parq to s3://aad-index/vzarr/q_ref/refs.0.parq
upload: atm_flux_diag_2023.parq/tau_x/refs.0.parq to s3://aad-index/vzarr/tau_x/refs.0.parq
